-------------------------------------------------------------------------------
Test set: com.tqsHW1.WeatherProject.WeatherProjectApplicationTests
-------------------------------------------------------------------------------
Tests run: 1, Failures: 0, Errors: 1, Skipped: 0, Time elapsed: 0.362 s <<< FAILURE! - in com.tqsHW1.WeatherProject.WeatherProjectApplicationTests
initializationError(com.tqsHW1.WeatherProject.WeatherProjectApplicationTests)  Time elapsed: 0.014 s  <<< ERROR!
java.lang.ExceptionInInitializerError
Caused by: java.lang.IllegalStateException: SpringJUnit4ClassRunner requires JUnit 4.12 or higher.

